<?xml version="1.0" encoding="UTF-8"?>
<testsuite xmlns:xsi="http://www.w3.org/2001/XMLSchema-instance" xsi:noNamespaceSchemaLocation="https://maven.apache.org/surefire/maven-surefire-plugin/xsd/surefire-test-report.xsd" name="org.acme.restclient.CountriesResourceTest" time="9.899" tests="2" errors="0" skipped="0" failures="2">
  <properties>
    <property name="gopherProxySet" value="false"/>
    <property name="awt.toolkit" value="sun.lwawt.macosx.LWCToolkit"/>
    <property name="file.encoding.pkg" value="sun.io"/>
    <property name="java.specification.version" value="1.8"/>
    <property name="sun.cpu.isalist" value=""/>
    <property name="sun.jnu.encoding" value="UTF-8"/>
    <property name="java.class.path" value="/Users/sadhananandakumar/Documents/Demos/FSI_Client_Onboarding_UI/rest-client/target/test-classes:/Users/sadhananandakumar/Documents/Demos/FSI_Client_Onboarding_UI/rest-client/target/classes:/Users/sadhananandakumar/.m2/repository/io/quarkus/quarkus-resteasy-jsonb/0.20.0/quarkus-resteasy-jsonb-0.20.0.jar:/Users/sadhananandakumar/.m2/repository/io/quarkus/quarkus-jsonb/0.20.0/quarkus-jsonb-0.20.0.jar:/Users/sadhananandakumar/.m2/repository/org/eclipse/yasson/1.0.4/yasson-1.0.4.jar:/Users/sadhananandakumar/.m2/repository/javax/json/bind/javax.json.bind-api/1.0/javax.json.bind-api-1.0.jar:/Users/sadhananandakumar/.m2/repository/io/quarkus/quarkus-jsonp/0.20.0/quarkus-jsonp-0.20.0.jar:/Users/sadhananandakumar/.m2/repository/org/jboss/resteasy/resteasy-json-binding-provider/4.1.1.Final/resteasy-json-binding-provider-4.1.1.Final.jar:/Users/sadhananandakumar/.m2/repository/org/glassfish/javax.json/1.1.4/javax.json-1.1.4.jar:/Users/sadhananandakumar/.m2/repository/org/jboss/resteasy/resteasy-json-p-provider/4.1.1.Final/resteasy-json-p-provider-4.1.1.Final.jar:/Users/sadhananandakumar/.m2/repository/commons-io/commons-io/2.5/commons-io-2.5.jar:/Users/sadhananandakumar/.m2/repository/io/quarkus/quarkus-rest-client/0.20.0/quarkus-rest-client-0.20.0.jar:/Users/sadhananandakumar/.m2/repository/io/quarkus/quarkus-core/0.20.0/quarkus-core-0.20.0.jar:/Users/sadhananandakumar/.m2/repository/javax/inject/javax.inject/1/javax.inject-1.jar:/Users/sadhananandakumar/.m2/repository/javax/annotation/javax.annotation-api/1.3.2/javax.annotation-api-1.3.2.jar:/Users/sadhananandakumar/.m2/repository/io/smallrye/smallrye-config/1.3.5/smallrye-config-1.3.5.jar:/Users/sadhananandakumar/.m2/repository/javax/enterprise/cdi-api/2.0.SP1/cdi-api-2.0.SP1.jar:/Users/sadhananandakumar/.m2/repository/javax/el/javax.el-api/3.0.0/javax.el-api-3.0.0.jar:/Users/sadhananandakumar/.m2/repository/javax/interceptor/javax.interceptor-api/1.2/javax.interceptor-api-1.2.jar:/Users/sadhananandakumar/.m2/repository/org/jboss/logmanager/jboss-logmanager-embedded/1.0.3/jboss-logmanager-embedded-1.0.3.jar:/Users/sadhananandakumar/.m2/repository/org/jboss/logging/jboss-logging-annotations/2.1.0.Final/jboss-logging-annotations-2.1.0.Final.jar:/Users/sadhananandakumar/.m2/repository/org/jboss/threads/jboss-threads/3.0.0.Beta5/jboss-threads-3.0.0.Beta5.jar:/Users/sadhananandakumar/.m2/repository/org/slf4j/slf4j-api/1.7.25/slf4j-api-1.7.25.jar:/Users/sadhananandakumar/.m2/repository/org/jboss/slf4j/slf4j-jboss-logging/1.2.0.Final/slf4j-jboss-logging-1.2.0.Final.jar:/Users/sadhananandakumar/.m2/repository/org/graalvm/sdk/graal-sdk/19.1.1/graal-sdk-19.1.1.jar:/Users/sadhananandakumar/.m2/repository/org/wildfly/common/wildfly-common/1.5.0.Final-format-001/wildfly-common-1.5.0.Final-format-001.jar:/Users/sadhananandakumar/.m2/repository/org/wildfly/security/wildfly-elytron-ssl/2.0.0.Alpha4/wildfly-elytron-ssl-2.0.0.Alpha4.jar:/Users/sadhananandakumar/.m2/repository/org/wildfly/security/wildfly-elytron-auth-server/2.0.0.Alpha4/wildfly-elytron-auth-server-2.0.0.Alpha4.jar:/Users/sadhananandakumar/.m2/repository/org/wildfly/security/wildfly-elytron-permission/2.0.0.Alpha4/wildfly-elytron-permission-2.0.0.Alpha4.jar:/Users/sadhananandakumar/.m2/repository/org/wildfly/security/wildfly-elytron-base/2.0.0.Alpha4/wildfly-elytron-base-2.0.0.Alpha4.jar:/Users/sadhananandakumar/.m2/repository/org/wildfly/security/wildfly-elytron-credential/2.0.0.Alpha4/wildfly-elytron-credential-2.0.0.Alpha4.jar:/Users/sadhananandakumar/.m2/repository/org/wildfly/security/wildfly-elytron-keystore/2.0.0.Alpha4/wildfly-elytron-keystore-2.0.0.Alpha4.jar:/Users/sadhananandakumar/.m2/repository/org/wildfly/security/wildfly-elytron-provider-util/2.0.0.Alpha4/wildfly-elytron-provider-util-2.0.0.Alpha4.jar:/Users/sadhananandakumar/.m2/repository/org/wildfly/security/wildfly-elytron-auth/2.0.0.Alpha4/wildfly-elytron-auth-2.0.0.Alpha4.jar:/Users/sadhananandakumar/.m2/repository/org/wildfly/security/wildfly-elytron-util/2.0.0.Alpha4/wildfly-elytron-util-2.0.0.Alpha4.jar:/Users/sadhananandakumar/.m2/repository/org/wildfly/security/wildfly-elytron-x500/2.0.0.Alpha4/wildfly-elytron-x500-2.0.0.Alpha4.jar:/Users/sadhananandakumar/.m2/repository/org/wildfly/security/wildfly-elytron-x500-cert/2.0.0.Alpha4/wildfly-elytron-x500-cert-2.0.0.Alpha4.jar:/Users/sadhananandakumar/.m2/repository/org/wildfly/security/wildfly-elytron-asn1/2.0.0.Alpha4/wildfly-elytron-asn1-2.0.0.Alpha4.jar:/Users/sadhananandakumar/.m2/repository/org/wildfly/security/wildfly-elytron-x500-cert-util/2.0.0.Alpha4/wildfly-elytron-x500-cert-util-2.0.0.Alpha4.jar:/Users/sadhananandakumar/.m2/repository/io/quarkus/quarkus-arc/0.20.0/quarkus-arc-0.20.0.jar:/Users/sadhananandakumar/.m2/repository/io/quarkus/arc/arc/0.20.0/arc-0.20.0.jar:/Users/sadhananandakumar/.m2/repository/org/eclipse/microprofile/context-propagation/microprofile-context-propagation-api/1.0-RC1/microprofile-context-propagation-api-1.0-RC1.jar:/Users/sadhananandakumar/.m2/repository/io/quarkus/quarkus-resteasy-common/0.20.0/quarkus-resteasy-common-0.20.0.jar:/Users/sadhananandakumar/.m2/repository/org/jboss/resteasy/resteasy-context-propagation/4.1.1.Final/resteasy-context-propagation-4.1.1.Final.jar:/Users/sadhananandakumar/.m2/repository/io/smallrye/smallrye-context-propagation/1.0.7/smallrye-context-propagation-1.0.7.jar:/Users/sadhananandakumar/.m2/repository/io/smallrye/smallrye-context-propagation-api/1.0.7/smallrye-context-propagation-api-1.0.7.jar:/Users/sadhananandakumar/.m2/repository/com/sun/activation/jakarta.activation/1.2.1/jakarta.activation-1.2.1.jar:/Users/sadhananandakumar/.m2/repository/org/jboss/resteasy/resteasy-client-microprofile/4.1.1.Final/resteasy-client-microprofile-4.1.1.Final.jar:/Users/sadhananandakumar/.m2/repository/org/jboss/resteasy/resteasy-cdi/4.1.1.Final/resteasy-cdi-4.1.1.Final.jar:/Users/sadhananandakumar/.m2/repository/org/jboss/spec/javax/interceptor/jboss-interceptors-api_1.2_spec/1.0.1.Final/jboss-interceptors-api_1.2_spec-1.0.1.Final.jar:/Users/sadhananandakumar/.m2/repository/org/jboss/weld/weld-api/3.0.SP4/weld-api-3.0.SP4.jar:/Users/sadhananandakumar/.m2/repository/org/eclipse/microprofile/rest/client/microprofile-rest-client-api/1.3.3/microprofile-rest-client-api-1.3.3.jar:/Users/sadhananandakumar/.m2/repository/org/apache/httpcomponents/httpasyncclient/4.1.4/httpasyncclient-4.1.4.jar:/Users/sadhananandakumar/.m2/repository/org/apache/httpcomponents/httpcore/4.4.11/httpcore-4.4.11.jar:/Users/sadhananandakumar/.m2/repository/org/apache/httpcomponents/httpcore-nio/4.4.10/httpcore-nio-4.4.10.jar:/Users/sadhananandakumar/.m2/repository/commons-logging/commons-logging/1.2/commons-logging-1.2.jar:/Users/sadhananandakumar/.m2/repository/io/quarkus/quarkus-junit5/0.20.0/quarkus-junit5-0.20.0.jar:/Users/sadhananandakumar/.m2/repository/io/quarkus/quarkus-bootstrap-core/0.20.0/quarkus-bootstrap-core-0.20.0.jar:/Users/sadhananandakumar/.m2/repository/org/apache/maven/maven-embedder/3.5.4/maven-embedder-3.5.4.jar:/Users/sadhananandakumar/.m2/repository/org/apache/maven/maven-settings/3.5.4/maven-settings-3.5.4.jar:/Users/sadhananandakumar/.m2/repository/org/apache/maven/maven-core/3.5.4/maven-core-3.5.4.jar:/Users/sadhananandakumar/.m2/repository/org/apache/maven/maven-artifact/3.5.4/maven-artifact-3.5.4.jar:/Users/sadhananandakumar/.m2/repository/org/apache/maven/maven-plugin-api/3.5.4/maven-plugin-api-3.5.4.jar:/Users/sadhananandakumar/.m2/repository/org/apache/maven/maven-model/3.5.4/maven-model-3.5.4.jar:/Users/sadhananandakumar/.m2/repository/org/apache/maven/maven-model-builder/3.5.4/maven-model-builder-3.5.4.jar:/Users/sadhananandakumar/.m2/repository/org/apache/maven/maven-builder-support/3.5.4/maven-builder-support-3.5.4.jar:/Users/sadhananandakumar/.m2/repository/org/apache/maven/resolver/maven-resolver-api/1.1.1/maven-resolver-api-1.1.1.jar:/Users/sadhananandakumar/.m2/repository/org/apache/maven/resolver/maven-resolver-util/1.1.1/maven-resolver-util-1.1.1.jar:/Users/sadhananandakumar/.m2/repository/org/apache/maven/shared/maven-shared-utils/3.2.1/maven-shared-utils-3.2.1.jar:/Users/sadhananandakumar/.m2/repository/com/google/inject/guice/4.2.0/guice-4.2.0-no_aop.jar:/Users/sadhananandakumar/.m2/repository/aopalliance/aopalliance/1.0/aopalliance-1.0.jar:/Users/sadhananandakumar/.m2/repository/com/google/guava/guava/27.0.1-jre/guava-27.0.1-jre.jar:/Users/sadhananandakumar/.m2/repository/com/google/guava/failureaccess/1.0.1/failureaccess-1.0.1.jar:/Users/sadhananandakumar/.m2/repository/com/google/guava/listenablefuture/9999.0-empty-to-avoid-conflict-with-guava/listenablefuture-9999.0-empty-to-avoid-conflict-with-guava.jar:/Users/sadhananandakumar/.m2/repository/com/google/code/findbugs/jsr305/3.0.2/jsr305-3.0.2.jar:/Users/sadhananandakumar/.m2/repository/org/checkerframework/checker-qual/2.5.2/checker-qual-2.5.2.jar:/Users/sadhananandakumar/.m2/repository/com/google/errorprone/error_prone_annotations/2.2.0/error_prone_annotations-2.2.0.jar:/Users/sadhananandakumar/.m2/repository/com/google/j2objc/j2objc-annotations/1.1/j2objc-annotations-1.1.jar:/Users/sadhananandakumar/.m2/repository/org/codehaus/mojo/animal-sniffer-annotations/1.17/animal-sniffer-annotations-1.17.jar:/Users/sadhananandakumar/.m2/repository/javax/annotation/jsr250-api/1.0/jsr250-api-1.0.jar:/Users/sadhananandakumar/.m2/repository/org/codehaus/plexus/plexus-utils/3.0.24/plexus-utils-3.0.24.jar:/Users/sadhananandakumar/.m2/repository/org/codehaus/plexus/plexus-classworlds/2.5.2/plexus-classworlds-2.5.2.jar:/Users/sadhananandakumar/.m2/repository/org/eclipse/sisu/org.eclipse.sisu.plexus/0.3.3/org.eclipse.sisu.plexus-0.3.3.jar:/Users/sadhananandakumar/.m2/repository/org/codehaus/plexus/plexus-component-annotations/1.7.1/plexus-component-annotations-1.7.1.jar:/Users/sadhananandakumar/.m2/repository/commons-cli/commons-cli/1.4/commons-cli-1.4.jar:/Users/sadhananandakumar/.m2/repository/org/apache/maven/maven-settings-builder/3.5.4/maven-settings-builder-3.5.4.jar:/Users/sadhananandakumar/.m2/repository/org/codehaus/plexus/plexus-interpolation/1.24/plexus-interpolation-1.24.jar:/Users/sadhananandakumar/.m2/repository/org/sonatype/plexus/plexus-sec-dispatcher/1.4/plexus-sec-dispatcher-1.4.jar:/Users/sadhananandakumar/.m2/repository/org/sonatype/plexus/plexus-cipher/1.4/plexus-cipher-1.4.jar:/Users/sadhananandakumar/.m2/repository/org/apache/maven/maven-resolver-provider/3.5.4/maven-resolver-provider-3.5.4.jar:/Users/sadhananandakumar/.m2/repository/org/apache/maven/maven-repository-metadata/3.5.4/maven-repository-metadata-3.5.4.jar:/Users/sadhananandakumar/.m2/repository/org/apache/maven/resolver/maven-resolver-spi/1.1.1/maven-resolver-spi-1.1.1.jar:/Users/sadhananandakumar/.m2/repository/org/apache/maven/resolver/maven-resolver-impl/1.1.1/maven-resolver-impl-1.1.1.jar:/Users/sadhananandakumar/.m2/repository/org/apache/maven/resolver/maven-resolver-connector-basic/1.1.1/maven-resolver-connector-basic-1.1.1.jar:/Users/sadhananandakumar/.m2/repository/org/apache/maven/resolver/maven-resolver-transport-file/1.1.1/maven-resolver-transport-file-1.1.1.jar:/Users/sadhananandakumar/.m2/repository/org/apache/maven/resolver/maven-resolver-transport-http/1.1.1/maven-resolver-transport-http-1.1.1.jar:/Users/sadhananandakumar/.m2/repository/org/slf4j/jcl-over-slf4j/1.7.25/jcl-over-slf4j-1.7.25.jar:/Users/sadhananandakumar/.m2/repository/io/quarkus/quarkus-test-common/0.20.0/quarkus-test-common-0.20.0.jar:/Users/sadhananandakumar/.m2/repository/io/quarkus/quarkus-core-deployment/0.20.0/quarkus-core-deployment-0.20.0.jar:/Users/sadhananandakumar/.m2/repository/commons-beanutils/commons-beanutils/1.9.3/commons-beanutils-1.9.3.jar:/Users/sadhananandakumar/.m2/repository/commons-collections/commons-collections/3.2.2/commons-collections-3.2.2.jar:/Users/sadhananandakumar/.m2/repository/org/jboss/invocation/jboss-invocation/1.5.2.Final/jboss-invocation-1.5.2.Final.jar:/Users/sadhananandakumar/.m2/repository/org/jboss/classfilewriter/jboss-classfilewriter/1.2.4.Final/jboss-classfilewriter-1.2.4.Final.jar:/Users/sadhananandakumar/.m2/repository/io/quarkus/gizmo/gizmo/1.0.0.Alpha6/gizmo-1.0.0.Alpha6.jar:/Users/sadhananandakumar/.m2/repository/org/ow2/asm/asm-util/7.1/asm-util-7.1.jar:/Users/sadhananandakumar/.m2/repository/org/ow2/asm/asm-tree/7.1/asm-tree-7.1.jar:/Users/sadhananandakumar/.m2/repository/org/ow2/asm/asm-analysis/7.1/asm-analysis-7.1.jar:/Users/sadhananandakumar/.m2/repository/org/ow2/asm/asm/7.1/asm-7.1.jar:/Users/sadhananandakumar/.m2/repository/io/quarkus/quarkus-builder/0.20.0/quarkus-builder-0.20.0.jar:/Users/sadhananandakumar/.m2/repository/io/quarkus/quarkus-jsonp-deployment/0.20.0/quarkus-jsonp-deployment-0.20.0.jar:/Users/sadhananandakumar/.m2/repository/org/jboss/jandex/2.1.1.Final/jandex-2.1.1.Final.jar:/Users/sadhananandakumar/.m2/repository/org/junit/jupiter/junit-jupiter-api/5.5.0/junit-jupiter-api-5.5.0.jar:/Users/sadhananandakumar/.m2/repository/org/apiguardian/apiguardian-api/1.1.0/apiguardian-api-1.1.0.jar:/Users/sadhananandakumar/.m2/repository/org/opentest4j/opentest4j/1.2.0/opentest4j-1.2.0.jar:/Users/sadhananandakumar/.m2/repository/org/junit/platform/junit-platform-commons/1.5.0/junit-platform-commons-1.5.0.jar:/Users/sadhananandakumar/.m2/repository/org/junit/jupiter/junit-jupiter-params/5.5.0/junit-jupiter-params-5.5.0.jar:/Users/sadhananandakumar/.m2/repository/org/junit/jupiter/junit-jupiter-engine/5.5.0/junit-jupiter-engine-5.5.0.jar:/Users/sadhananandakumar/.m2/repository/org/junit/platform/junit-platform-engine/1.5.0/junit-platform-engine-1.5.0.jar:/Users/sadhananandakumar/.m2/repository/org/jboss/resteasy/resteasy-multipart-provider/4.1.1.Final/resteasy-multipart-provider-4.1.1.Final.jar:/Users/sadhananandakumar/.m2/repository/org/jboss/resteasy/resteasy-core-spi/4.1.1.Final/resteasy-core-spi-4.1.1.Final.jar:/Users/sadhananandakumar/.m2/repository/org/jboss/spec/javax/ws/rs/jboss-jaxrs-api_2.1_spec/1.0.2.Final/jboss-jaxrs-api_2.1_spec-1.0.2.Final.jar:/Users/sadhananandakumar/.m2/repository/org/jboss/spec/javax/xml/bind/jboss-jaxb-api_2.3_spec/1.0.1.Final/jboss-jaxb-api_2.3_spec-1.0.1.Final.jar:/Users/sadhananandakumar/.m2/repository/org/reactivestreams/reactive-streams/1.0.2/reactive-streams-1.0.2.jar:/Users/sadhananandakumar/.m2/repository/javax/validation/validation-api/2.0.1.Final/validation-api-2.0.1.Final.jar:/Users/sadhananandakumar/.m2/repository/org/jboss/resteasy/resteasy-core/4.1.1.Final/resteasy-core-4.1.1.Final.jar:/Users/sadhananandakumar/.m2/repository/org/jboss/resteasy/resteasy-client/4.1.1.Final/resteasy-client-4.1.1.Final.jar:/Users/sadhananandakumar/.m2/repository/org/jboss/resteasy/resteasy-client-api/4.1.1.Final/resteasy-client-api-4.1.1.Final.jar:/Users/sadhananandakumar/.m2/repository/org/jboss/resteasy/resteasy-jaxb-provider/4.1.1.Final/resteasy-jaxb-provider-4.1.1.Final.jar:/Users/sadhananandakumar/.m2/repository/org/glassfish/jaxb/jaxb-runtime/2.3.1/jaxb-runtime-2.3.1.jar:/Users/sadhananandakumar/.m2/repository/org/glassfish/jaxb/txw2/2.3.1/txw2-2.3.1.jar:/Users/sadhananandakumar/.m2/repository/com/sun/istack/istack-commons-runtime/3.0.7/istack-commons-runtime-3.0.7.jar:/Users/sadhananandakumar/.m2/repository/org/jvnet/staxex/stax-ex/1.8/stax-ex-1.8.jar:/Users/sadhananandakumar/.m2/repository/com/sun/xml/fastinfoset/FastInfoset/1.2.13/FastInfoset-1.2.13.jar:/Users/sadhananandakumar/.m2/repository/com/sun/mail/javax.mail/1.6.2/javax.mail-1.6.2.jar:/Users/sadhananandakumar/.m2/repository/org/apache/james/apache-mime4j-dom/0.7.2/apache-mime4j-dom-0.7.2.jar:/Users/sadhananandakumar/.m2/repository/org/apache/james/apache-mime4j-core/0.7.2/apache-mime4j-core-0.7.2.jar:/Users/sadhananandakumar/.m2/repository/org/apache/james/apache-mime4j-storage/0.7.2/apache-mime4j-storage-0.7.2.jar:/Users/sadhananandakumar/.m2/repository/org/jboss/logging/jboss-logging/3.3.2.Final/jboss-logging-3.3.2.Final.jar:/Users/sadhananandakumar/.m2/repository/org/eclipse/microprofile/config/microprofile-config-api/1.3/microprofile-config-api-1.3.jar:/Users/sadhananandakumar/.m2/repository/org/osgi/org.osgi.annotation.versioning/1.0.0/org.osgi.annotation.versioning-1.0.0.jar:/Users/sadhananandakumar/.m2/repository/io/rest-assured/rest-assured/3.3.0/rest-assured-3.3.0.jar:/Users/sadhananandakumar/.m2/repository/org/codehaus/groovy/groovy/2.4.15/groovy-2.4.15.jar:/Users/sadhananandakumar/.m2/repository/org/codehaus/groovy/groovy-xml/2.4.15/groovy-xml-2.4.15.jar:/Users/sadhananandakumar/.m2/repository/org/apache/httpcomponents/httpclient/4.5.9/httpclient-4.5.9.jar:/Users/sadhananandakumar/.m2/repository/commons-codec/commons-codec/1.11/commons-codec-1.11.jar:/Users/sadhananandakumar/.m2/repository/org/apache/httpcomponents/httpmime/4.5.3/httpmime-4.5.3.jar:/Users/sadhananandakumar/.m2/repository/org/hamcrest/hamcrest-core/1.3/hamcrest-core-1.3.jar:/Users/sadhananandakumar/.m2/repository/org/hamcrest/hamcrest-library/1.3/hamcrest-library-1.3.jar:/Users/sadhananandakumar/.m2/repository/org/ccil/cowan/tagsoup/tagsoup/1.2.1/tagsoup-1.2.1.jar:/Users/sadhananandakumar/.m2/repository/io/rest-assured/json-path/3.3.0/json-path-3.3.0.jar:/Users/sadhananandakumar/.m2/repository/org/codehaus/groovy/groovy-json/2.4.15/groovy-json-2.4.15.jar:/Users/sadhananandakumar/.m2/repository/io/rest-assured/rest-assured-common/3.3.0/rest-assured-common-3.3.0.jar:/Users/sadhananandakumar/.m2/repository/io/rest-assured/xml-path/3.3.0/xml-path-3.3.0.jar:/Users/sadhananandakumar/.m2/repository/org/apache/commons/commons-lang3/3.8.1/commons-lang3-3.8.1.jar:/Users/sadhananandakumar/.m2/repository/javax/xml/bind/jaxb-api/2.3.1/jaxb-api-2.3.1.jar:/Users/sadhananandakumar/.m2/repository/org/apache/sling/org.apache.sling.javax.activation/0.1.0/org.apache.sling.javax.activation-0.1.0.jar:/Users/sadhananandakumar/.m2/repository/io/quarkus/quarkus-resteasy-jackson/0.20.0/quarkus-resteasy-jackson-0.20.0.jar:/Users/sadhananandakumar/.m2/repository/io/quarkus/quarkus-jackson/0.20.0/quarkus-jackson-0.20.0.jar:/Users/sadhananandakumar/.m2/repository/com/fasterxml/jackson/core/jackson-databind/2.9.9.2/jackson-databind-2.9.9.2.jar:/Users/sadhananandakumar/.m2/repository/org/jboss/resteasy/resteasy-jackson2-provider/4.1.1.Final/resteasy-jackson2-provider-4.1.1.Final.jar:/Users/sadhananandakumar/.m2/repository/com/fasterxml/jackson/core/jackson-core/2.9.9/jackson-core-2.9.9.jar:/Users/sadhananandakumar/.m2/repository/com/fasterxml/jackson/core/jackson-annotations/2.9.0/jackson-annotations-2.9.0.jar:/Users/sadhananandakumar/.m2/repository/com/fasterxml/jackson/jaxrs/jackson-jaxrs-json-provider/2.9.9/jackson-jaxrs-json-provider-2.9.9.jar:/Users/sadhananandakumar/.m2/repository/com/fasterxml/jackson/jaxrs/jackson-jaxrs-base/2.9.9/jackson-jaxrs-base-2.9.9.jar:/Users/sadhananandakumar/.m2/repository/com/fasterxml/jackson/module/jackson-module-jaxb-annotations/2.9.9/jackson-module-jaxb-annotations-2.9.9.jar:/Users/sadhananandakumar/.m2/repository/com/github/fge/json-patch/1.9/json-patch-1.9.jar:/Users/sadhananandakumar/.m2/repository/com/github/fge/jackson-coreutils/1.6/jackson-coreutils-1.6.jar:/Users/sadhananandakumar/.m2/repository/com/github/fge/msg-simple/1.1/msg-simple-1.1.jar:/Users/sadhananandakumar/.m2/repository/com/github/fge/btf/1.2/btf-1.2.jar:/Users/sadhananandakumar/.m2/repository/io/quarkus/quarkus-resteasy/0.20.0/quarkus-resteasy-0.20.0.jar:/Users/sadhananandakumar/.m2/repository/io/quarkus/quarkus-undertow/0.20.0/quarkus-undertow-0.20.0.jar:/Users/sadhananandakumar/.m2/repository/io/undertow/undertow-servlet/2.0.21.Final/undertow-servlet-2.0.21.Final.jar:/Users/sadhananandakumar/.m2/repository/io/undertow/undertow-core/2.0.21.Final/undertow-core-2.0.21.Final.jar:/Users/sadhananandakumar/.m2/repository/org/jboss/spec/javax/servlet/jboss-servlet-api_4.0_spec/1.0.0.Final/jboss-servlet-api_4.0_spec-1.0.0.Final.jar:/Users/sadhananandakumar/.m2/repository/org/jboss/xnio/xnio-nio/3.7.2.Final/xnio-nio-3.7.2.Final.jar:/Users/sadhananandakumar/.m2/repository/org/jboss/xnio/xnio-api/3.7.2.Final/xnio-api-3.7.2.Final.jar:/Users/sadhananandakumar/.m2/repository/io/quarkus/quarkus-resteasy-server-common/0.20.0/quarkus-resteasy-server-common-0.20.0.jar:/Users/sadhananandakumar/.m2/repository/io/quarkus/quarkus-jaxb/0.20.0/quarkus-jaxb-0.20.0.jar:/Users/sadhananandakumar/.m2/repository/io/quarkus/quarkus-kogito/0.20.0/quarkus-kogito-0.20.0.jar:/Users/sadhananandakumar/.m2/repository/org/kie/kogito/kogito-api/0.2.0/kogito-api-0.2.0.jar:/Users/sadhananandakumar/.m2/repository/org/kie/kogito/drools-core/0.2.0/drools-core-0.2.0.jar:/Users/sadhananandakumar/.m2/repository/org/kie/kogito/kogito-internal/0.2.0/kogito-internal-0.2.0.jar:/Users/sadhananandakumar/.m2/repository/org/kie/kogito/kogito-services/0.2.0/kogito-services-0.2.0.jar:/Users/sadhananandakumar/.m2/repository/org/kie/kogito/drools-core-reflective/0.2.0/drools-core-reflective-0.2.0.jar:/Users/sadhananandakumar/.m2/repository/org/mvel/mvel2/2.4.4.Final/mvel2-2.4.4.Final.jar:/Users/sadhananandakumar/.m2/repository/com/thoughtworks/xstream/xstream/1.4.10/xstream-1.4.10.jar:/Users/sadhananandakumar/.m2/repository/xmlpull/xmlpull/1.1.3.1/xmlpull-1.1.3.1.jar:/Users/sadhananandakumar/.m2/repository/xpp3/xpp3_min/1.1.4c/xpp3_min-1.1.4c.jar:/Users/sadhananandakumar/.m2/repository/com/google/protobuf/protobuf-java/3.6.1/protobuf-java-3.6.1.jar:/Users/sadhananandakumar/.m2/repository/org/kie/kogito/drools-model-compiler/0.2.0/drools-model-compiler-0.2.0.jar:/Users/sadhananandakumar/.m2/repository/org/kie/kogito/drools-canonical-model/0.2.0/drools-canonical-model-0.2.0.jar:/Users/sadhananandakumar/.m2/repository/org/kie/kogito/drools-compiler/0.2.0/drools-compiler-0.2.0.jar:/Users/sadhananandakumar/.m2/repository/org/antlr/antlr-runtime/3.5.2/antlr-runtime-3.5.2.jar:/Users/sadhananandakumar/.m2/repository/org/eclipse/jdt/core/compiler/ecj/4.6.1/ecj-4.6.1.jar:/Users/sadhananandakumar/.m2/repository/com/github/javaparser/javaparser-core/3.13.10/javaparser-core-3.13.10.jar:/Users/sadhananandakumar/.m2/repository/org/kie/kogito/drools-mvel-parser/0.2.0/drools-mvel-parser-0.2.0.jar:/Users/sadhananandakumar/.m2/repository/org/kie/kogito/drools-mvel-compiler/0.2.0/drools-mvel-compiler-0.2.0.jar:/Users/sadhananandakumar/.m2/repository/org/kie/kogito/drools-core-static/0.2.0/drools-core-static-0.2.0.jar:/Users/sadhananandakumar/.m2/repository/org/kie/kogito/jbpm-flow/0.2.0/jbpm-flow-0.2.0.jar:/Users/sadhananandakumar/.m2/repository/org/kie/kie-dmn-api/7.22.0.Final/kie-dmn-api-7.22.0.Final.jar:/Users/sadhananandakumar/.m2/repository/org/kie/kie-dmn-model/7.22.0.Final/kie-dmn-model-7.22.0.Final.jar:"/>
    <property name="java.vm.vendor" value="Oracle Corporation"/>
    <property name="sun.arch.data.model" value="64"/>
    <property name="java.vendor.url" value="http://java.oracle.com/"/>
    <property name="user.timezone" value=""/>
    <property name="java.vm.specification.version" value="1.8"/>
    <property name="os.name" value="Mac OS X"/>
    <property name="user.country" value="US"/>
    <property name="sun.java.launcher" value="SUN_STANDARD"/>
    <property name="sun.boot.library.path" value="/Library/Java/JavaVirtualMachines/jdk1.8.0_171.jdk/Contents/Home/jre/lib"/>
    <property name="sun.java.command" value="/Users/sadhananandakumar/Documents/Demos/FSI_Client_Onboarding_UI/rest-client/target/surefire/surefirebooter3952925369491084870.jar /Users/sadhananandakumar/Documents/Demos/FSI_Client_Onboarding_UI/rest-client/target/surefire 2019-08-08T12-43-20_744-jvmRun1 surefire4481073965530667918tmp surefire_05900489775412144237tmp"/>
    <property name="http.nonProxyHosts" value="local|*.local|169.254/16|*.169.254/16"/>
    <property name="surefire.test.class.path" value="/Users/sadhananandakumar/Documents/Demos/FSI_Client_Onboarding_UI/rest-client/target/test-classes:/Users/sadhananandakumar/Documents/Demos/FSI_Client_Onboarding_UI/rest-client/target/classes:/Users/sadhananandakumar/.m2/repository/io/quarkus/quarkus-resteasy-jsonb/0.20.0/quarkus-resteasy-jsonb-0.20.0.jar:/Users/sadhananandakumar/.m2/repository/io/quarkus/quarkus-jsonb/0.20.0/quarkus-jsonb-0.20.0.jar:/Users/sadhananandakumar/.m2/repository/org/eclipse/yasson/1.0.4/yasson-1.0.4.jar:/Users/sadhananandakumar/.m2/repository/javax/json/bind/javax.json.bind-api/1.0/javax.json.bind-api-1.0.jar:/Users/sadhananandakumar/.m2/repository/io/quarkus/quarkus-jsonp/0.20.0/quarkus-jsonp-0.20.0.jar:/Users/sadhananandakumar/.m2/repository/org/jboss/resteasy/resteasy-json-binding-provider/4.1.1.Final/resteasy-json-binding-provider-4.1.1.Final.jar:/Users/sadhananandakumar/.m2/repository/org/glassfish/javax.json/1.1.4/javax.json-1.1.4.jar:/Users/sadhananandakumar/.m2/repository/org/jboss/resteasy/resteasy-json-p-provider/4.1.1.Final/resteasy-json-p-provider-4.1.1.Final.jar:/Users/sadhananandakumar/.m2/repository/commons-io/commons-io/2.5/commons-io-2.5.jar:/Users/sadhananandakumar/.m2/repository/io/quarkus/quarkus-rest-client/0.20.0/quarkus-rest-client-0.20.0.jar:/Users/sadhananandakumar/.m2/repository/io/quarkus/quarkus-core/0.20.0/quarkus-core-0.20.0.jar:/Users/sadhananandakumar/.m2/repository/javax/inject/javax.inject/1/javax.inject-1.jar:/Users/sadhananandakumar/.m2/repository/javax/annotation/javax.annotation-api/1.3.2/javax.annotation-api-1.3.2.jar:/Users/sadhananandakumar/.m2/repository/io/smallrye/smallrye-config/1.3.5/smallrye-config-1.3.5.jar:/Users/sadhananandakumar/.m2/repository/javax/enterprise/cdi-api/2.0.SP1/cdi-api-2.0.SP1.jar:/Users/sadhananandakumar/.m2/repository/javax/el/javax.el-api/3.0.0/javax.el-api-3.0.0.jar:/Users/sadhananandakumar/.m2/repository/javax/interceptor/javax.interceptor-api/1.2/javax.interceptor-api-1.2.jar:/Users/sadhananandakumar/.m2/repository/org/jboss/logmanager/jboss-logmanager-embedded/1.0.3/jboss-logmanager-embedded-1.0.3.jar:/Users/sadhananandakumar/.m2/repository/org/jboss/logging/jboss-logging-annotations/2.1.0.Final/jboss-logging-annotations-2.1.0.Final.jar:/Users/sadhananandakumar/.m2/repository/org/jboss/threads/jboss-threads/3.0.0.Beta5/jboss-threads-3.0.0.Beta5.jar:/Users/sadhananandakumar/.m2/repository/org/slf4j/slf4j-api/1.7.25/slf4j-api-1.7.25.jar:/Users/sadhananandakumar/.m2/repository/org/jboss/slf4j/slf4j-jboss-logging/1.2.0.Final/slf4j-jboss-logging-1.2.0.Final.jar:/Users/sadhananandakumar/.m2/repository/org/graalvm/sdk/graal-sdk/19.1.1/graal-sdk-19.1.1.jar:/Users/sadhananandakumar/.m2/repository/org/wildfly/common/wildfly-common/1.5.0.Final-format-001/wildfly-common-1.5.0.Final-format-001.jar:/Users/sadhananandakumar/.m2/repository/org/wildfly/security/wildfly-elytron-ssl/2.0.0.Alpha4/wildfly-elytron-ssl-2.0.0.Alpha4.jar:/Users/sadhananandakumar/.m2/repository/org/wildfly/security/wildfly-elytron-auth-server/2.0.0.Alpha4/wildfly-elytron-auth-server-2.0.0.Alpha4.jar:/Users/sadhananandakumar/.m2/repository/org/wildfly/security/wildfly-elytron-permission/2.0.0.Alpha4/wildfly-elytron-permission-2.0.0.Alpha4.jar:/Users/sadhananandakumar/.m2/repository/org/wildfly/security/wildfly-elytron-base/2.0.0.Alpha4/wildfly-elytron-base-2.0.0.Alpha4.jar:/Users/sadhananandakumar/.m2/repository/org/wildfly/security/wildfly-elytron-credential/2.0.0.Alpha4/wildfly-elytron-credential-2.0.0.Alpha4.jar:/Users/sadhananandakumar/.m2/repository/org/wildfly/security/wildfly-elytron-keystore/2.0.0.Alpha4/wildfly-elytron-keystore-2.0.0.Alpha4.jar:/Users/sadhananandakumar/.m2/repository/org/wildfly/security/wildfly-elytron-provider-util/2.0.0.Alpha4/wildfly-elytron-provider-util-2.0.0.Alpha4.jar:/Users/sadhananandakumar/.m2/repository/org/wildfly/security/wildfly-elytron-auth/2.0.0.Alpha4/wildfly-elytron-auth-2.0.0.Alpha4.jar:/Users/sadhananandakumar/.m2/repository/org/wildfly/security/wildfly-elytron-util/2.0.0.Alpha4/wildfly-elytron-util-2.0.0.Alpha4.jar:/Users/sadhananandakumar/.m2/repository/org/wildfly/security/wildfly-elytron-x500/2.0.0.Alpha4/wildfly-elytron-x500-2.0.0.Alpha4.jar:/Users/sadhananandakumar/.m2/repository/org/wildfly/security/wildfly-elytron-x500-cert/2.0.0.Alpha4/wildfly-elytron-x500-cert-2.0.0.Alpha4.jar:/Users/sadhananandakumar/.m2/repository/org/wildfly/security/wildfly-elytron-asn1/2.0.0.Alpha4/wildfly-elytron-asn1-2.0.0.Alpha4.jar:/Users/sadhananandakumar/.m2/repository/org/wildfly/security/wildfly-elytron-x500-cert-util/2.0.0.Alpha4/wildfly-elytron-x500-cert-util-2.0.0.Alpha4.jar:/Users/sadhananandakumar/.m2/repository/io/quarkus/quarkus-arc/0.20.0/quarkus-arc-0.20.0.jar:/Users/sadhananandakumar/.m2/repository/io/quarkus/arc/arc/0.20.0/arc-0.20.0.jar:/Users/sadhananandakumar/.m2/repository/org/eclipse/microprofile/context-propagation/microprofile-context-propagation-api/1.0-RC1/microprofile-context-propagation-api-1.0-RC1.jar:/Users/sadhananandakumar/.m2/repository/io/quarkus/quarkus-resteasy-common/0.20.0/quarkus-resteasy-common-0.20.0.jar:/Users/sadhananandakumar/.m2/repository/org/jboss/resteasy/resteasy-context-propagation/4.1.1.Final/resteasy-context-propagation-4.1.1.Final.jar:/Users/sadhananandakumar/.m2/repository/io/smallrye/smallrye-context-propagation/1.0.7/smallrye-context-propagation-1.0.7.jar:/Users/sadhananandakumar/.m2/repository/io/smallrye/smallrye-context-propagation-api/1.0.7/smallrye-context-propagation-api-1.0.7.jar:/Users/sadhananandakumar/.m2/repository/com/sun/activation/jakarta.activation/1.2.1/jakarta.activation-1.2.1.jar:/Users/sadhananandakumar/.m2/repository/org/jboss/resteasy/resteasy-client-microprofile/4.1.1.Final/resteasy-client-microprofile-4.1.1.Final.jar:/Users/sadhananandakumar/.m2/repository/org/jboss/resteasy/resteasy-cdi/4.1.1.Final/resteasy-cdi-4.1.1.Final.jar:/Users/sadhananandakumar/.m2/repository/org/jboss/spec/javax/interceptor/jboss-interceptors-api_1.2_spec/1.0.1.Final/jboss-interceptors-api_1.2_spec-1.0.1.Final.jar:/Users/sadhananandakumar/.m2/repository/org/jboss/weld/weld-api/3.0.SP4/weld-api-3.0.SP4.jar:/Users/sadhananandakumar/.m2/repository/org/eclipse/microprofile/rest/client/microprofile-rest-client-api/1.3.3/microprofile-rest-client-api-1.3.3.jar:/Users/sadhananandakumar/.m2/repository/org/apache/httpcomponents/httpasyncclient/4.1.4/httpasyncclient-4.1.4.jar:/Users/sadhananandakumar/.m2/repository/org/apache/httpcomponents/httpcore/4.4.11/httpcore-4.4.11.jar:/Users/sadhananandakumar/.m2/repository/org/apache/httpcomponents/httpcore-nio/4.4.10/httpcore-nio-4.4.10.jar:/Users/sadhananandakumar/.m2/repository/commons-logging/commons-logging/1.2/commons-logging-1.2.jar:/Users/sadhananandakumar/.m2/repository/io/quarkus/quarkus-junit5/0.20.0/quarkus-junit5-0.20.0.jar:/Users/sadhananandakumar/.m2/repository/io/quarkus/quarkus-bootstrap-core/0.20.0/quarkus-bootstrap-core-0.20.0.jar:/Users/sadhananandakumar/.m2/repository/org/apache/maven/maven-embedder/3.5.4/maven-embedder-3.5.4.jar:/Users/sadhananandakumar/.m2/repository/org/apache/maven/maven-settings/3.5.4/maven-settings-3.5.4.jar:/Users/sadhananandakumar/.m2/repository/org/apache/maven/maven-core/3.5.4/maven-core-3.5.4.jar:/Users/sadhananandakumar/.m2/repository/org/apache/maven/maven-artifact/3.5.4/maven-artifact-3.5.4.jar:/Users/sadhananandakumar/.m2/repository/org/apache/maven/maven-plugin-api/3.5.4/maven-plugin-api-3.5.4.jar:/Users/sadhananandakumar/.m2/repository/org/apache/maven/maven-model/3.5.4/maven-model-3.5.4.jar:/Users/sadhananandakumar/.m2/repository/org/apache/maven/maven-model-builder/3.5.4/maven-model-builder-3.5.4.jar:/Users/sadhananandakumar/.m2/repository/org/apache/maven/maven-builder-support/3.5.4/maven-builder-support-3.5.4.jar:/Users/sadhananandakumar/.m2/repository/org/apache/maven/resolver/maven-resolver-api/1.1.1/maven-resolver-api-1.1.1.jar:/Users/sadhananandakumar/.m2/repository/org/apache/maven/resolver/maven-resolver-util/1.1.1/maven-resolver-util-1.1.1.jar:/Users/sadhananandakumar/.m2/repository/org/apache/maven/shared/maven-shared-utils/3.2.1/maven-shared-utils-3.2.1.jar:/Users/sadhananandakumar/.m2/repository/com/google/inject/guice/4.2.0/guice-4.2.0-no_aop.jar:/Users/sadhananandakumar/.m2/repository/aopalliance/aopalliance/1.0/aopalliance-1.0.jar:/Users/sadhananandakumar/.m2/repository/com/google/guava/guava/27.0.1-jre/guava-27.0.1-jre.jar:/Users/sadhananandakumar/.m2/repository/com/google/guava/failureaccess/1.0.1/failureaccess-1.0.1.jar:/Users/sadhananandakumar/.m2/repository/com/google/guava/listenablefuture/9999.0-empty-to-avoid-conflict-with-guava/listenablefuture-9999.0-empty-to-avoid-conflict-with-guava.jar:/Users/sadhananandakumar/.m2/repository/com/google/code/findbugs/jsr305/3.0.2/jsr305-3.0.2.jar:/Users/sadhananandakumar/.m2/repository/org/checkerframework/checker-qual/2.5.2/checker-qual-2.5.2.jar:/Users/sadhananandakumar/.m2/repository/com/google/errorprone/error_prone_annotations/2.2.0/error_prone_annotations-2.2.0.jar:/Users/sadhananandakumar/.m2/repository/com/google/j2objc/j2objc-annotations/1.1/j2objc-annotations-1.1.jar:/Users/sadhananandakumar/.m2/repository/org/codehaus/mojo/animal-sniffer-annotations/1.17/animal-sniffer-annotations-1.17.jar:/Users/sadhananandakumar/.m2/repository/javax/annotation/jsr250-api/1.0/jsr250-api-1.0.jar:/Users/sadhananandakumar/.m2/repository/org/codehaus/plexus/plexus-utils/3.0.24/plexus-utils-3.0.24.jar:/Users/sadhananandakumar/.m2/repository/org/codehaus/plexus/plexus-classworlds/2.5.2/plexus-classworlds-2.5.2.jar:/Users/sadhananandakumar/.m2/repository/org/eclipse/sisu/org.eclipse.sisu.plexus/0.3.3/org.eclipse.sisu.plexus-0.3.3.jar:/Users/sadhananandakumar/.m2/repository/org/codehaus/plexus/plexus-component-annotations/1.7.1/plexus-component-annotations-1.7.1.jar:/Users/sadhananandakumar/.m2/repository/commons-cli/commons-cli/1.4/commons-cli-1.4.jar:/Users/sadhananandakumar/.m2/repository/org/apache/maven/maven-settings-builder/3.5.4/maven-settings-builder-3.5.4.jar:/Users/sadhananandakumar/.m2/repository/org/codehaus/plexus/plexus-interpolation/1.24/plexus-interpolation-1.24.jar:/Users/sadhananandakumar/.m2/repository/org/sonatype/plexus/plexus-sec-dispatcher/1.4/plexus-sec-dispatcher-1.4.jar:/Users/sadhananandakumar/.m2/repository/org/sonatype/plexus/plexus-cipher/1.4/plexus-cipher-1.4.jar:/Users/sadhananandakumar/.m2/repository/org/apache/maven/maven-resolver-provider/3.5.4/maven-resolver-provider-3.5.4.jar:/Users/sadhananandakumar/.m2/repository/org/apache/maven/maven-repository-metadata/3.5.4/maven-repository-metadata-3.5.4.jar:/Users/sadhananandakumar/.m2/repository/org/apache/maven/resolver/maven-resolver-spi/1.1.1/maven-resolver-spi-1.1.1.jar:/Users/sadhananandakumar/.m2/repository/org/apache/maven/resolver/maven-resolver-impl/1.1.1/maven-resolver-impl-1.1.1.jar:/Users/sadhananandakumar/.m2/repository/org/apache/maven/resolver/maven-resolver-connector-basic/1.1.1/maven-resolver-connector-basic-1.1.1.jar:/Users/sadhananandakumar/.m2/repository/org/apache/maven/resolver/maven-resolver-transport-file/1.1.1/maven-resolver-transport-file-1.1.1.jar:/Users/sadhananandakumar/.m2/repository/org/apache/maven/resolver/maven-resolver-transport-http/1.1.1/maven-resolver-transport-http-1.1.1.jar:/Users/sadhananandakumar/.m2/repository/org/slf4j/jcl-over-slf4j/1.7.25/jcl-over-slf4j-1.7.25.jar:/Users/sadhananandakumar/.m2/repository/io/quarkus/quarkus-test-common/0.20.0/quarkus-test-common-0.20.0.jar:/Users/sadhananandakumar/.m2/repository/io/quarkus/quarkus-core-deployment/0.20.0/quarkus-core-deployment-0.20.0.jar:/Users/sadhananandakumar/.m2/repository/commons-beanutils/commons-beanutils/1.9.3/commons-beanutils-1.9.3.jar:/Users/sadhananandakumar/.m2/repository/commons-collections/commons-collections/3.2.2/commons-collections-3.2.2.jar:/Users/sadhananandakumar/.m2/repository/org/jboss/invocation/jboss-invocation/1.5.2.Final/jboss-invocation-1.5.2.Final.jar:/Users/sadhananandakumar/.m2/repository/org/jboss/classfilewriter/jboss-classfilewriter/1.2.4.Final/jboss-classfilewriter-1.2.4.Final.jar:/Users/sadhananandakumar/.m2/repository/io/quarkus/gizmo/gizmo/1.0.0.Alpha6/gizmo-1.0.0.Alpha6.jar:/Users/sadhananandakumar/.m2/repository/org/ow2/asm/asm-util/7.1/asm-util-7.1.jar:/Users/sadhananandakumar/.m2/repository/org/ow2/asm/asm-tree/7.1/asm-tree-7.1.jar:/Users/sadhananandakumar/.m2/repository/org/ow2/asm/asm-analysis/7.1/asm-analysis-7.1.jar:/Users/sadhananandakumar/.m2/repository/org/ow2/asm/asm/7.1/asm-7.1.jar:/Users/sadhananandakumar/.m2/repository/io/quarkus/quarkus-builder/0.20.0/quarkus-builder-0.20.0.jar:/Users/sadhananandakumar/.m2/repository/io/quarkus/quarkus-jsonp-deployment/0.20.0/quarkus-jsonp-deployment-0.20.0.jar:/Users/sadhananandakumar/.m2/repository/org/jboss/jandex/2.1.1.Final/jandex-2.1.1.Final.jar:/Users/sadhananandakumar/.m2/repository/org/junit/jupiter/junit-jupiter-api/5.5.0/junit-jupiter-api-5.5.0.jar:/Users/sadhananandakumar/.m2/repository/org/apiguardian/apiguardian-api/1.1.0/apiguardian-api-1.1.0.jar:/Users/sadhananandakumar/.m2/repository/org/opentest4j/opentest4j/1.2.0/opentest4j-1.2.0.jar:/Users/sadhananandakumar/.m2/repository/org/junit/platform/junit-platform-commons/1.5.0/junit-platform-commons-1.5.0.jar:/Users/sadhananandakumar/.m2/repository/org/junit/jupiter/junit-jupiter-params/5.5.0/junit-jupiter-params-5.5.0.jar:/Users/sadhananandakumar/.m2/repository/org/junit/jupiter/junit-jupiter-engine/5.5.0/junit-jupiter-engine-5.5.0.jar:/Users/sadhananandakumar/.m2/repository/org/junit/platform/junit-platform-engine/1.5.0/junit-platform-engine-1.5.0.jar:/Users/sadhananandakumar/.m2/repository/org/jboss/resteasy/resteasy-multipart-provider/4.1.1.Final/resteasy-multipart-provider-4.1.1.Final.jar:/Users/sadhananandakumar/.m2/repository/org/jboss/resteasy/resteasy-core-spi/4.1.1.Final/resteasy-core-spi-4.1.1.Final.jar:/Users/sadhananandakumar/.m2/repository/org/jboss/spec/javax/ws/rs/jboss-jaxrs-api_2.1_spec/1.0.2.Final/jboss-jaxrs-api_2.1_spec-1.0.2.Final.jar:/Users/sadhananandakumar/.m2/repository/org/jboss/spec/javax/xml/bind/jboss-jaxb-api_2.3_spec/1.0.1.Final/jboss-jaxb-api_2.3_spec-1.0.1.Final.jar:/Users/sadhananandakumar/.m2/repository/org/reactivestreams/reactive-streams/1.0.2/reactive-streams-1.0.2.jar:/Users/sadhananandakumar/.m2/repository/javax/validation/validation-api/2.0.1.Final/validation-api-2.0.1.Final.jar:/Users/sadhananandakumar/.m2/repository/org/jboss/resteasy/resteasy-core/4.1.1.Final/resteasy-core-4.1.1.Final.jar:/Users/sadhananandakumar/.m2/repository/org/jboss/resteasy/resteasy-client/4.1.1.Final/resteasy-client-4.1.1.Final.jar:/Users/sadhananandakumar/.m2/repository/org/jboss/resteasy/resteasy-client-api/4.1.1.Final/resteasy-client-api-4.1.1.Final.jar:/Users/sadhananandakumar/.m2/repository/org/jboss/resteasy/resteasy-jaxb-provider/4.1.1.Final/resteasy-jaxb-provider-4.1.1.Final.jar:/Users/sadhananandakumar/.m2/repository/org/glassfish/jaxb/jaxb-runtime/2.3.1/jaxb-runtime-2.3.1.jar:/Users/sadhananandakumar/.m2/repository/org/glassfish/jaxb/txw2/2.3.1/txw2-2.3.1.jar:/Users/sadhananandakumar/.m2/repository/com/sun/istack/istack-commons-runtime/3.0.7/istack-commons-runtime-3.0.7.jar:/Users/sadhananandakumar/.m2/repository/org/jvnet/staxex/stax-ex/1.8/stax-ex-1.8.jar:/Users/sadhananandakumar/.m2/repository/com/sun/xml/fastinfoset/FastInfoset/1.2.13/FastInfoset-1.2.13.jar:/Users/sadhananandakumar/.m2/repository/com/sun/mail/javax.mail/1.6.2/javax.mail-1.6.2.jar:/Users/sadhananandakumar/.m2/repository/org/apache/james/apache-mime4j-dom/0.7.2/apache-mime4j-dom-0.7.2.jar:/Users/sadhananandakumar/.m2/repository/org/apache/james/apache-mime4j-core/0.7.2/apache-mime4j-core-0.7.2.jar:/Users/sadhananandakumar/.m2/repository/org/apache/james/apache-mime4j-storage/0.7.2/apache-mime4j-storage-0.7.2.jar:/Users/sadhananandakumar/.m2/repository/org/jboss/logging/jboss-logging/3.3.2.Final/jboss-logging-3.3.2.Final.jar:/Users/sadhananandakumar/.m2/repository/org/eclipse/microprofile/config/microprofile-config-api/1.3/microprofile-config-api-1.3.jar:/Users/sadhananandakumar/.m2/repository/org/osgi/org.osgi.annotation.versioning/1.0.0/org.osgi.annotation.versioning-1.0.0.jar:/Users/sadhananandakumar/.m2/repository/io/rest-assured/rest-assured/3.3.0/rest-assured-3.3.0.jar:/Users/sadhananandakumar/.m2/repository/org/codehaus/groovy/groovy/2.4.15/groovy-2.4.15.jar:/Users/sadhananandakumar/.m2/repository/org/codehaus/groovy/groovy-xml/2.4.15/groovy-xml-2.4.15.jar:/Users/sadhananandakumar/.m2/repository/org/apache/httpcomponents/httpclient/4.5.9/httpclient-4.5.9.jar:/Users/sadhananandakumar/.m2/repository/commons-codec/commons-codec/1.11/commons-codec-1.11.jar:/Users/sadhananandakumar/.m2/repository/org/apache/httpcomponents/httpmime/4.5.3/httpmime-4.5.3.jar:/Users/sadhananandakumar/.m2/repository/org/hamcrest/hamcrest-core/1.3/hamcrest-core-1.3.jar:/Users/sadhananandakumar/.m2/repository/org/hamcrest/hamcrest-library/1.3/hamcrest-library-1.3.jar:/Users/sadhananandakumar/.m2/repository/org/ccil/cowan/tagsoup/tagsoup/1.2.1/tagsoup-1.2.1.jar:/Users/sadhananandakumar/.m2/repository/io/rest-assured/json-path/3.3.0/json-path-3.3.0.jar:/Users/sadhananandakumar/.m2/repository/org/codehaus/groovy/groovy-json/2.4.15/groovy-json-2.4.15.jar:/Users/sadhananandakumar/.m2/repository/io/rest-assured/rest-assured-common/3.3.0/rest-assured-common-3.3.0.jar:/Users/sadhananandakumar/.m2/repository/io/rest-assured/xml-path/3.3.0/xml-path-3.3.0.jar:/Users/sadhananandakumar/.m2/repository/org/apache/commons/commons-lang3/3.8.1/commons-lang3-3.8.1.jar:/Users/sadhananandakumar/.m2/repository/javax/xml/bind/jaxb-api/2.3.1/jaxb-api-2.3.1.jar:/Users/sadhananandakumar/.m2/repository/org/apache/sling/org.apache.sling.javax.activation/0.1.0/org.apache.sling.javax.activation-0.1.0.jar:/Users/sadhananandakumar/.m2/repository/io/quarkus/quarkus-resteasy-jackson/0.20.0/quarkus-resteasy-jackson-0.20.0.jar:/Users/sadhananandakumar/.m2/repository/io/quarkus/quarkus-jackson/0.20.0/quarkus-jackson-0.20.0.jar:/Users/sadhananandakumar/.m2/repository/com/fasterxml/jackson/core/jackson-databind/2.9.9.2/jackson-databind-2.9.9.2.jar:/Users/sadhananandakumar/.m2/repository/org/jboss/resteasy/resteasy-jackson2-provider/4.1.1.Final/resteasy-jackson2-provider-4.1.1.Final.jar:/Users/sadhananandakumar/.m2/repository/com/fasterxml/jackson/core/jackson-core/2.9.9/jackson-core-2.9.9.jar:/Users/sadhananandakumar/.m2/repository/com/fasterxml/jackson/core/jackson-annotations/2.9.0/jackson-annotations-2.9.0.jar:/Users/sadhananandakumar/.m2/repository/com/fasterxml/jackson/jaxrs/jackson-jaxrs-json-provider/2.9.9/jackson-jaxrs-json-provider-2.9.9.jar:/Users/sadhananandakumar/.m2/repository/com/fasterxml/jackson/jaxrs/jackson-jaxrs-base/2.9.9/jackson-jaxrs-base-2.9.9.jar:/Users/sadhananandakumar/.m2/repository/com/fasterxml/jackson/module/jackson-module-jaxb-annotations/2.9.9/jackson-module-jaxb-annotations-2.9.9.jar:/Users/sadhananandakumar/.m2/repository/com/github/fge/json-patch/1.9/json-patch-1.9.jar:/Users/sadhananandakumar/.m2/repository/com/github/fge/jackson-coreutils/1.6/jackson-coreutils-1.6.jar:/Users/sadhananandakumar/.m2/repository/com/github/fge/msg-simple/1.1/msg-simple-1.1.jar:/Users/sadhananandakumar/.m2/repository/com/github/fge/btf/1.2/btf-1.2.jar:/Users/sadhananandakumar/.m2/repository/io/quarkus/quarkus-resteasy/0.20.0/quarkus-resteasy-0.20.0.jar:/Users/sadhananandakumar/.m2/repository/io/quarkus/quarkus-undertow/0.20.0/quarkus-undertow-0.20.0.jar:/Users/sadhananandakumar/.m2/repository/io/undertow/undertow-servlet/2.0.21.Final/undertow-servlet-2.0.21.Final.jar:/Users/sadhananandakumar/.m2/repository/io/undertow/undertow-core/2.0.21.Final/undertow-core-2.0.21.Final.jar:/Users/sadhananandakumar/.m2/repository/org/jboss/spec/javax/servlet/jboss-servlet-api_4.0_spec/1.0.0.Final/jboss-servlet-api_4.0_spec-1.0.0.Final.jar:/Users/sadhananandakumar/.m2/repository/org/jboss/xnio/xnio-nio/3.7.2.Final/xnio-nio-3.7.2.Final.jar:/Users/sadhananandakumar/.m2/repository/org/jboss/xnio/xnio-api/3.7.2.Final/xnio-api-3.7.2.Final.jar:/Users/sadhananandakumar/.m2/repository/io/quarkus/quarkus-resteasy-server-common/0.20.0/quarkus-resteasy-server-common-0.20.0.jar:/Users/sadhananandakumar/.m2/repository/io/quarkus/quarkus-jaxb/0.20.0/quarkus-jaxb-0.20.0.jar:/Users/sadhananandakumar/.m2/repository/io/quarkus/quarkus-kogito/0.20.0/quarkus-kogito-0.20.0.jar:/Users/sadhananandakumar/.m2/repository/org/kie/kogito/kogito-api/0.2.0/kogito-api-0.2.0.jar:/Users/sadhananandakumar/.m2/repository/org/kie/kogito/drools-core/0.2.0/drools-core-0.2.0.jar:/Users/sadhananandakumar/.m2/repository/org/kie/kogito/kogito-internal/0.2.0/kogito-internal-0.2.0.jar:/Users/sadhananandakumar/.m2/repository/org/kie/kogito/kogito-services/0.2.0/kogito-services-0.2.0.jar:/Users/sadhananandakumar/.m2/repository/org/kie/kogito/drools-core-reflective/0.2.0/drools-core-reflective-0.2.0.jar:/Users/sadhananandakumar/.m2/repository/org/mvel/mvel2/2.4.4.Final/mvel2-2.4.4.Final.jar:/Users/sadhananandakumar/.m2/repository/com/thoughtworks/xstream/xstream/1.4.10/xstream-1.4.10.jar:/Users/sadhananandakumar/.m2/repository/xmlpull/xmlpull/1.1.3.1/xmlpull-1.1.3.1.jar:/Users/sadhananandakumar/.m2/repository/xpp3/xpp3_min/1.1.4c/xpp3_min-1.1.4c.jar:/Users/sadhananandakumar/.m2/repository/com/google/protobuf/protobuf-java/3.6.1/protobuf-java-3.6.1.jar:/Users/sadhananandakumar/.m2/repository/org/kie/kogito/drools-model-compiler/0.2.0/drools-model-compiler-0.2.0.jar:/Users/sadhananandakumar/.m2/repository/org/kie/kogito/drools-canonical-model/0.2.0/drools-canonical-model-0.2.0.jar:/Users/sadhananandakumar/.m2/repository/org/kie/kogito/drools-compiler/0.2.0/drools-compiler-0.2.0.jar:/Users/sadhananandakumar/.m2/repository/org/antlr/antlr-runtime/3.5.2/antlr-runtime-3.5.2.jar:/Users/sadhananandakumar/.m2/repository/org/eclipse/jdt/core/compiler/ecj/4.6.1/ecj-4.6.1.jar:/Users/sadhananandakumar/.m2/repository/com/github/javaparser/javaparser-core/3.13.10/javaparser-core-3.13.10.jar:/Users/sadhananandakumar/.m2/repository/org/kie/kogito/drools-mvel-parser/0.2.0/drools-mvel-parser-0.2.0.jar:/Users/sadhananandakumar/.m2/repository/org/kie/kogito/drools-mvel-compiler/0.2.0/drools-mvel-compiler-0.2.0.jar:/Users/sadhananandakumar/.m2/repository/org/kie/kogito/drools-core-static/0.2.0/drools-core-static-0.2.0.jar:/Users/sadhananandakumar/.m2/repository/org/kie/kogito/jbpm-flow/0.2.0/jbpm-flow-0.2.0.jar:/Users/sadhananandakumar/.m2/repository/org/kie/kie-dmn-api/7.22.0.Final/kie-dmn-api-7.22.0.Final.jar:/Users/sadhananandakumar/.m2/repository/org/kie/kie-dmn-model/7.22.0.Final/kie-dmn-model-7.22.0.Final.jar:"/>
    <property name="sun.cpu.endian" value="little"/>
    <property name="user.home" value="/Users/sadhananandakumar"/>
    <property name="user.language" value="en"/>
    <property name="java.specification.vendor" value="Oracle Corporation"/>
    <property name="java.home" value="/Library/Java/JavaVirtualMachines/jdk1.8.0_171.jdk/Contents/Home/jre"/>
    <property name="basedir" value="/Users/sadhananandakumar/Documents/Demos/FSI_Client_Onboarding_UI/rest-client"/>
    <property name="file.separator" value="/"/>
    <property name="line.separator" value="&#10;"/>
    <property name="java.vm.specification.vendor" value="Oracle Corporation"/>
    <property name="java.specification.name" value="Java Platform API Specification"/>
    <property name="java.awt.graphicsenv" value="sun.awt.CGraphicsEnvironment"/>
    <property name="surefire.real.class.path" value="/Users/sadhananandakumar/Documents/Demos/FSI_Client_Onboarding_UI/rest-client/target/surefire/surefirebooter3952925369491084870.jar"/>
    <property name="sun.boot.class.path" value="/Library/Java/JavaVirtualMachines/jdk1.8.0_171.jdk/Contents/Home/jre/lib/resources.jar:/Library/Java/JavaVirtualMachines/jdk1.8.0_171.jdk/Contents/Home/jre/lib/rt.jar:/Library/Java/JavaVirtualMachines/jdk1.8.0_171.jdk/Contents/Home/jre/lib/sunrsasign.jar:/Library/Java/JavaVirtualMachines/jdk1.8.0_171.jdk/Contents/Home/jre/lib/jsse.jar:/Library/Java/JavaVirtualMachines/jdk1.8.0_171.jdk/Contents/Home/jre/lib/jce.jar:/Library/Java/JavaVirtualMachines/jdk1.8.0_171.jdk/Contents/Home/jre/lib/charsets.jar:/Library/Java/JavaVirtualMachines/jdk1.8.0_171.jdk/Contents/Home/jre/lib/jfr.jar:/Library/Java/JavaVirtualMachines/jdk1.8.0_171.jdk/Contents/Home/jre/classes"/>
    <property name="sun.management.compiler" value="HotSpot 64-Bit Tiered Compilers"/>
    <property name="ftp.nonProxyHosts" value="local|*.local|169.254/16|*.169.254/16"/>
    <property name="java.runtime.version" value="1.8.0_171-b11"/>
    <property name="user.name" value="sadhananandakumar"/>
    <property name="path.separator" value=":"/>
    <property name="os.version" value="10.13.6"/>
    <property name="java.endorsed.dirs" value="/Library/Java/JavaVirtualMachines/jdk1.8.0_171.jdk/Contents/Home/jre/lib/endorsed"/>
    <property name="java.runtime.name" value="Java(TM) SE Runtime Environment"/>
    <property name="file.encoding" value="UTF-8"/>
    <property name="java.vm.name" value="Java HotSpot(TM) 64-Bit Server VM"/>
    <property name="localRepository" value="/Users/sadhananandakumar/.m2/repository"/>
    <property name="java.vendor.url.bug" value="http://bugreport.sun.com/bugreport/"/>
    <property name="java.io.tmpdir" value="/var/folders/dy/8fjk2tzj6hd5b915s41c83vm0000gn/T/"/>
    <property name="java.version" value="1.8.0_171"/>
    <property name="user.dir" value="/Users/sadhananandakumar/Documents/Demos/FSI_Client_Onboarding_UI/rest-client"/>
    <property name="os.arch" value="x86_64"/>
    <property name="java.vm.specification.name" value="Java Virtual Machine Specification"/>
    <property name="java.awt.printerjob" value="sun.lwawt.macosx.CPrinterJob"/>
    <property name="sun.os.patch.level" value="unknown"/>
    <property name="java.util.logging.manager" value="org.jboss.logmanager.LogManager"/>
    <property name="java.library.path" value="/Users/sadhananandakumar/Library/Java/Extensions:/Library/Java/Extensions:/Network/Library/Java/Extensions:/System/Library/Java/Extensions:/usr/lib/java:."/>
    <property name="java.vm.info" value="mixed mode"/>
    <property name="java.vendor" value="Oracle Corporation"/>
    <property name="java.vm.version" value="25.171-b11"/>
    <property name="java.ext.dirs" value="/Users/sadhananandakumar/Library/Java/Extensions:/Library/Java/JavaVirtualMachines/jdk1.8.0_171.jdk/Contents/Home/jre/lib/ext:/Library/Java/Extensions:/Network/Library/Java/Extensions:/System/Library/Java/Extensions:/usr/lib/java"/>
    <property name="sun.io.unicode.encoding" value="UnicodeBig"/>
    <property name="java.class.version" value="52.0"/>
    <property name="socksNonProxyHosts" value="local|*.local|169.254/16|*.169.254/16"/>
  </properties>
  <testcase name="testCountryNameEndpoint" classname="org.acme.restclient.CountriesResourceTest" time="1.413">
    <failure message="1 expectation failed.&#10;Expected status code &lt;200&gt; but was &lt;404&gt;.&#10;" type="java.lang.AssertionError"><![CDATA[java.lang.AssertionError: 
1 expectation failed.
Expected status code <200> but was <404>.

	at org.acme.restclient.CountriesResourceTest.testCountryNameEndpoint(CountriesResourceTest.java:17)
]]></failure>
    <system-out><![CDATA[2019-08-08 12:43:24,428 INFO  [io.qua.dep.QuarkusAugmentor] (main) Beginning quarkus augmentation
2019-08-08 12:43:28,846 WARN  [io.qua.resteasy] (build-11) Detected RESTEasy annotation org.jboss.resteasy.annotations.jaxrs.QueryParam on method parameter org.acme.restclient.CountriesService.getCaseFile with no name. Either specify its name, or tell your compiler to enable debug info (-g) or parameter names (-parameters). This message is only logged for the first such parameter.
2019-08-08 12:43:29,589 INFO  [io.qua.dep.QuarkusAugmentor] (main) Quarkus augmentation completed in 5161ms
2019-08-08 12:43:30,994 INFO  [io.quarkus] (main) Quarkus 0.20.0 started in 1.404s. Listening on: http://[::]:8081
2019-08-08 12:43:30,995 INFO  [io.quarkus] (main) Installed features: [cdi, kogito, rest-client, resteasy, resteasy-jackson, resteasy-jsonb]
]]></system-out>
  </testcase>
  <testcase name="testCountryNameAsyncEndpoint" classname="org.acme.restclient.CountriesResourceTest" time="0.016">
    <failure message="1 expectation failed.&#10;Expected status code &lt;200&gt; but was &lt;404&gt;.&#10;" type="java.lang.AssertionError"><![CDATA[java.lang.AssertionError: 
1 expectation failed.
Expected status code <200> but was <404>.

	at org.acme.restclient.CountriesResourceTest.testCountryNameAsyncEndpoint(CountriesResourceTest.java:31)
]]></failure>
  </testcase>
</testsuite>